


ARM Macro Assembler    Page 1 


    1 00000000         ; LCD.s
    2 00000000         ; Student names: change this to your names or look very 
                       silly
    3 00000000         ; Last modification date: change this to the last modifi
                       cation date or look very silly
    4 00000000         
    5 00000000         ; Runs on LM4F120/TM4C123
    6 00000000         ; Use SSI0 to send an 8-bit code to the ST7735 160x128 p
                       ixel LCD.
    7 00000000         
    8 00000000         ; As part of Lab 7, students need to implement these LCD
                       _WriteCommand and LCD_WriteData
    9 00000000         ; This driver assumes two low-level LCD functions
   10 00000000         
   11 00000000         ; Backlight (pin 10) connected to +3.3 V
   12 00000000         ; MISO (pin 9) unconnected
   13 00000000         ; SCK (pin 8) connected to PA2 (SSI0Clk)
   14 00000000         ; MOSI (pin 7) connected to PA5 (SSI0Tx)
   15 00000000         ; TFT_CS (pin 6) connected to PA3 (SSI0Fss)
   16 00000000         ; CARD_CS (pin 5) unconnected
   17 00000000         ; Data/Command (pin 4) connected to PA6 (GPIO)
   18 00000000         ; RESET (pin 3) connected to PA7 (GPIO)
   19 00000000         ; VCC (pin 2) connected to +3.3 V
   20 00000000         ; Gnd (pin 1) connected to ground
   21 00000000         
   22 00000000 40004100 
                       DC      EQU              0x40004100
   23 00000000 00000000 
                       DC_COMMAND
                               EQU              0
   24 00000000 00000040 
                       DC_DATA EQU              0x40
   25 00000000 40008008 
                       SSI0_DR_R
                               EQU              0x40008008
   26 00000000 4000800C 
                       SSI0_SR_R
                               EQU              0x4000800C
   27 00000000 00000004 
                       SSI_SR_RNE
                               EQU              0x00000004  ; SSI Receive FIFO 
                                                            Not Empty
   28 00000000 00000010 
                       SSI_SR_BSY
                               EQU              0x00000010  ; SSI Busy Bit
   29 00000000 00000002 
                       SSI_SR_TNF
                               EQU              0x00000002  ; SSI Transmit FIFO
                                                             Not Full
   30 00000000 400043FC 
                       GPIO_PORTA_DATA_R
                               EQU              0x400043FC
   31 00000000         
   32 00000000                 EXPORT           writecommand
   33 00000000                 EXPORT           writedata
   34 00000000         
   35 00000000                 AREA             |.text|, CODE, READONLY, ALIGN=
2
   36 00000000                 THUMB



ARM Macro Assembler    Page 2 


   37 00000000                 ALIGN
   38 00000000         
   39 00000000         ; The Data/Command pin must be valid when the eighth bit
                        is
   40 00000000         ; sent.  The SSI module has hardware input and output FI
                       FOs
   41 00000000         ; that are 8 locations deep.  Based on the observation t
                       hat
   42 00000000         ; the LCD interface tends to send a few commands and the
                       n a
   43 00000000         ; lot of data, the FIFOs are not used when writing
   44 00000000         ; commands, and they are used when writing data.  This
   45 00000000         ; ensures that the Data/Command pin status matches the b
                       yte
   46 00000000         ; that is actually being transmitted.
   47 00000000         ; The write command operation waits until all data has b
                       een
   48 00000000         ; sent, configures the Data/Command pin for commands, se
                       nds
   49 00000000         ; the command, and then waits for the transmission to
   50 00000000         ; finish.
   51 00000000         ; The write data operation waits until there is room in 
                       the
   52 00000000         ; transmit FIFO, configures the Data/Command pin for dat
                       a,
   53 00000000         ; and then adds the data to the transmit FIFO.
   54 00000000         ; NOTE: These functions will crash or stall indefinitely
                        if
   55 00000000         ; the SSI0 module is not initialized and enabled.
   56 00000000         
   57 00000000         ; This is a helper function that sends an 8-bit command 
                       to the LCD.
   58 00000000         ; Input: R0  8-bit command to transmit
   59 00000000         ; Output: none
   60 00000000         ; Assumes: SSI0 and port A have already been initialized
                        and enabled
   61 00000000         
   62 00000000         ;; --UUU-- Code to write a command to the LCD
   63 00000000         ;1) Read SSI0_SR_R and check bit 4, 
   64 00000000         ;2) If bit 4 is high, loop back to step 1 (wait for BUSY
                        bit to be low)
   65 00000000         ;3) Clear D/C=PA6 to zero
   66 00000000         ;4) Write the command to SSI0_DR_R
   67 00000000         ;5) Read SSI0_SR_R and check bit 4, 
   68 00000000         ;6) If bit 4 is high, loop back to step 5 (wait for BUSY
                        bit to be low)
   69 00000000         
   70 00000000         ; *** NEED  TO REPLACE GPIO_PORTA... WITH DC ***
   71 00000000         writecommand
   72 00000000 490F            LDR              R1,=SSI0_SR_R
   73 00000002         ; Steps 1&2: Polling if bit 4 of status register is clea
                       r
   74 00000002         check1cmd
   75 00000002 680A            LDR              R2, [R1]
   76 00000004 F012 0210       ANDS             R2, #0x10
   77 00000008 D1FB            BNE              check1cmd
   78 0000000A         ; Step 3: Clearing PA6 (D/C)
   79 0000000A 490E            LDR              R1,=GPIO_PORTA_DATA_R
   80 0000000C 680A            LDR              R2, [R1]



ARM Macro Assembler    Page 3 


   81 0000000E F022 0240       BIC              R2, #0x40   ;this might be the 
                                                            wrong bit, check va
                                                            lue of this reg if 
                                                            code malfunctions
   82 00000012 600A            STR              R2, [R1]
   83 00000014         ;Step 4: Writing to Device Register
   84 00000014 490C            LDR              R1,=SSI0_DR_R
   85 00000016 6008            STR              R0, [R1]
   86 00000018         ; Step 5: Polling for busy flag of status register
   87 00000018         check2cmd
   88 00000018 4909            LDR              R1,=SSI0_SR_R
   89 0000001A 680A            LDR              R2, [R1]
   90 0000001C F012 0210       ANDS             R2, #0x10
   91 00000020 D1FA            BNE              check2cmd
   92 00000022         
   93 00000022         
   94 00000022 4770            BX               LR          ;   return
   95 00000024         
   96 00000024         ; This is a helper function that sends an 8-bit data to 
                       the LCD.
   97 00000024         ; Input: R0  8-bit data to transmit
   98 00000024         ; Output: none
   99 00000024         ; Assumes: SSI0 and port A have already been initialized
                        and enabled
  100 00000024         writedata
  101 00000024         ;; --UUU-- Code to write data to the LCD
  102 00000024         ;1) Read SSI0_SR_R and check bit 1, 
  103 00000024         ;2) If bit 1 is low loop back to step 1 (wait for TNF bi
                       t to be high)
  104 00000024         ;3) Set D/C=PA6 to one
  105 00000024         ;4) Write the 8-bit data to SSI0_DR_R
  106 00000024         
  107 00000024 4906            LDR              R1,=SSI0_SR_R
  108 00000026         ; Steps 1&2: Polling if bit 1 of status register is clea
                       r
  109 00000026         check1data
  110 00000026 680A            LDR              R2, [R1]
  111 00000028 F012 0202       ANDS             R2, #0x02
  112 0000002C D0FB            BEQ              check1data
  113 0000002E         ; Step 3: Setting D/C to 1
  114 0000002E 4905            LDR              R1,=GPIO_PORTA_DATA_R
  115 00000030 680A            LDR              R2, [R1]
  116 00000032 F052 0240       ORRS             R2, #0x40   ;this might be the 
                                                            wrong bit, check va
                                                            lue of this reg if 
                                                            code malfunctions
  117 00000036 600A            STR              R2, [R1]
  118 00000038         ; Step 4: Writing data to device register
  119 00000038 4903            LDR              R1,=SSI0_DR_R
  120 0000003A 7008            STRB             R0, [R1]
  121 0000003C         
  122 0000003C         
  123 0000003C 4770            BX               LR          ;   return
  124 0000003E         
  125 0000003E         
  126 0000003E         ;***************************************************
  127 0000003E         ; This is a library for the Adafruit 1.8" SPI display.
  128 0000003E         ; This library works with the Adafruit 1.8" TFT Breakout
                        w/SD card



ARM Macro Assembler    Page 4 


  129 0000003E         ; ----> http://www.adafruit.com/products/358
  130 0000003E         ; as well as Adafruit raw 1.8" TFT display
  131 0000003E         ; ----> http://www.adafruit.com/products/618
  132 0000003E         ;
  133 0000003E         ; Check out the links above for our tutorials and wiring
                        diagrams
  134 0000003E         ; These displays use SPI to communicate, 4 or 5 pins are
                        required to
  135 0000003E         ; interface (RST is optional)
  136 0000003E         ; Adafruit invests time and resources providing this ope
                       n source code,
  137 0000003E         ; please support Adafruit and open-source hardware by pu
                       rchasing
  138 0000003E         ; products from Adafruit!
  139 0000003E         ;
  140 0000003E         ; Written by Limor Fried/Ladyada for Adafruit Industries
                       .
  141 0000003E         ; MIT license, all text above must be included in any re
                       distribution
  142 0000003E         ;****************************************************
  143 0000003E         
  144 0000003E 00 00           ALIGN                        ; make sure the end
                                                             of this section is
                                                             aligned
  145 00000040                 END                          ; end of file
              4000800C 
              400043FC 
              40008008 
Command Line: --debug --xref --diag_suppress=9931 --cpu=Cortex-M4 --apcs=interw
ork --depend=.\lcd.d -o.\lcd.o -I.\RTE\_SpaceInvaders -IX:\Software\_Engineerin
g\Keil\ARM\PACK\ARM\CMSIS\5.4.0\CMSIS\Core\Include -IX:\Software\_Engineering\K
eil\ARM\PACK\Keil\TM4C_DFP\1.1.0\Device\Include\TM4C123 --predefine="__UVISION_
VERSION SETA 526" --predefine="_RTE_ SETA 1" --predefine="TM4C123GH6PM SETA 1" 
--list=.\lcd.lst LCD.s



ARM Macro Assembler    Page 1 Alphabetic symbol ordering
Relocatable symbols

.text 00000000

Symbol: .text
   Definitions
      At line 35 in file LCD.s
   Uses
      None
Comment: .text unused
check1cmd 00000002

Symbol: check1cmd
   Definitions
      At line 74 in file LCD.s
   Uses
      At line 77 in file LCD.s
Comment: check1cmd used once
check1data 00000026

Symbol: check1data
   Definitions
      At line 109 in file LCD.s
   Uses
      At line 112 in file LCD.s
Comment: check1data used once
check2cmd 00000018

Symbol: check2cmd
   Definitions
      At line 87 in file LCD.s
   Uses
      At line 91 in file LCD.s
Comment: check2cmd used once
writecommand 00000000

Symbol: writecommand
   Definitions
      At line 71 in file LCD.s
   Uses
      At line 32 in file LCD.s
Comment: writecommand used once
writedata 00000024

Symbol: writedata
   Definitions
      At line 100 in file LCD.s
   Uses
      At line 33 in file LCD.s
Comment: writedata used once
6 symbols



ARM Macro Assembler    Page 1 Alphabetic symbol ordering
Absolute symbols

DC 40004100

Symbol: DC
   Definitions
      At line 22 in file LCD.s
   Uses
      None
Comment: DC unused
DC_COMMAND 00000000

Symbol: DC_COMMAND
   Definitions
      At line 23 in file LCD.s
   Uses
      None
Comment: DC_COMMAND unused
DC_DATA 00000040

Symbol: DC_DATA
   Definitions
      At line 24 in file LCD.s
   Uses
      None
Comment: DC_DATA unused
GPIO_PORTA_DATA_R 400043FC

Symbol: GPIO_PORTA_DATA_R
   Definitions
      At line 30 in file LCD.s
   Uses
      At line 79 in file LCD.s
      At line 114 in file LCD.s

SSI0_DR_R 40008008

Symbol: SSI0_DR_R
   Definitions
      At line 25 in file LCD.s
   Uses
      At line 84 in file LCD.s
      At line 119 in file LCD.s

SSI0_SR_R 4000800C

Symbol: SSI0_SR_R
   Definitions
      At line 26 in file LCD.s
   Uses
      At line 72 in file LCD.s
      At line 88 in file LCD.s
      At line 107 in file LCD.s

SSI_SR_BSY 00000010

Symbol: SSI_SR_BSY
   Definitions
      At line 28 in file LCD.s
   Uses
      None



ARM Macro Assembler    Page 2 Alphabetic symbol ordering
Absolute symbols

Comment: SSI_SR_BSY unused
SSI_SR_RNE 00000004

Symbol: SSI_SR_RNE
   Definitions
      At line 27 in file LCD.s
   Uses
      None
Comment: SSI_SR_RNE unused
SSI_SR_TNF 00000002

Symbol: SSI_SR_TNF
   Definitions
      At line 29 in file LCD.s
   Uses
      None
Comment: SSI_SR_TNF unused
9 symbols
350 symbols in table
